Using pre-set license
Built from '2021.1/staging' branch; Version is '2021.1.28f1 (f3f9dc10f3dd) revision 15989212'; Using compiler version '192528614'; Build Type 'Release'
OS: 'Windows 10 Pro; OS build 19042.1415; Version 2009; 64bit' Language: 'en' Physical Memory: 8058 MB
BatchMode: 1, IsHumanControllingUs: 0, StartBugReporterOnCrash: 0, Is64bit: 1, IsPro: 0

COMMAND LINE ARGUMENTS:
C:\Program Files\Unity\Hub\Editor\2021.1.28f1\Editor\Unity.exe
-adb2
-batchMode
-noUpm
-name
AssetImportWorker1
-projectPath
C:/Users/lenovo/Desktop/Folders/Unity Projects/FactorioButBetter/FactorioButBetter
-logFile
Logs/AssetImportWorker1.log
-srvPort
60069
Successfully changed project path to: C:/Users/lenovo/Desktop/Folders/Unity Projects/FactorioButBetter/FactorioButBetter
C:/Users/lenovo/Desktop/Folders/Unity Projects/FactorioButBetter/FactorioButBetter
Using Asset Import Pipeline V2.
